<?xml version="1.0" encoding="UTF-8"?>
<Site BuildName="Linux-c++"
	BuildStamp="20241016-0344-Experimental"
	Name="MastersUniverse"
	Generator="ctest-3.22.1"
	CompilerName="/usr/bin/c++"
	CompilerVersion="11.4.0"
	OSName="Linux"
	Hostname="MastersUniverse"
	OSRelease="6.9.3-76060903-generic"
	OSVersion="#202405300957~1721174657~22.04~abb7c06 SMP PREEMPT_DYNAMIC Wed J"
	OSPlatform="x86_64"
	Is64Bits="1"
	VendorString="AuthenticAMD"
	VendorID="Advanced Micro Devices"
	FamilyID="23"
	ModelID="104"
	ProcessorCacheSize="512"
	NumberOfLogicalCPU="12"
	NumberOfPhysicalCPU="6"
	TotalVirtualMemory="20970"
	TotalPhysicalMemory="7317"
	LogicalProcessorsPerPhysical="2"
	ProcessorClockFrequency="4042.53"
	>
	<Testing>
		<StartDateTime>Oct 16 13:01 UTC</StartDateTime>
		<StartTestTime>1729083668</StartTestTime>
		<TestList/>
		<EndDateTime>Oct 16 13:01 UTC</EndDateTime>
		<EndTestTime>1729083668</EndTestTime>
		<ElapsedMinutes>0</ElapsedMinutes>
	</Testing>
</Site>
